Watching for file changes with StatReloader
"GET / HTTP/1.1" 200 939
"GET /static/my_dz_3/css/style.css HTTP/1.1" 200 1555
Not Found: /favicon.ico
"GET /favicon.ico HTTP/1.1" 404 3166
"GET /add_product/ HTTP/1.1" 200 1649
"GET / HTTP/1.1" 200 939
"GET /products/ HTTP/1.1" 200 2028
"GET /media/product_photos/hand-using-computer-mouse_948265-138605.jpg HTTP/1.1" 304 0
"GET /media/product_photos/acer.jpg HTTP/1.1" 304 0
"GET /media/product_photos/best-laptops.jpg HTTP/1.1" 304 0
"GET / HTTP/1.1" 200 939
Watching for file changes with StatReloader
"GET / HTTP/1.1" 200 939
"GET /add_product/ HTTP/1.1" 200 1649
"GET /admin HTTP/1.1" 301 0
"GET /admin/ HTTP/1.1" 302 0
"GET /admin/login/?next=/admin/ HTTP/1.1" 200 4158
"GET /static/admin/css/base.css HTTP/1.1" 200 21544
"GET /static/admin/css/login.css HTTP/1.1" 200 958
"GET /static/admin/css/dark_mode.css HTTP/1.1" 200 2682
"GET /static/admin/css/nav_sidebar.css HTTP/1.1" 200 2810
"GET /static/admin/css/responsive.css HTTP/1.1" 200 17905
"GET /static/admin/js/theme.js HTTP/1.1" 200 1943
"GET /static/admin/js/nav_sidebar.js HTTP/1.1" 200 3063
"POST /admin/login/?next=/admin/ HTTP/1.1" 302 0
"GET /admin/ HTTP/1.1" 200 5533
"GET /static/admin/css/dashboard.css HTTP/1.1" 200 441
"GET /static/admin/img/icon-changelink.svg HTTP/1.1" 200 380
"GET /static/admin/img/icon-addlink.svg HTTP/1.1" 200 331
Watching for file changes with StatReloader
"GET /admin/ HTTP/1.1" 200 7034
"GET /admin/my_dz_3/client/ HTTP/1.1" 200 9850
"GET /admin/jsi18n/ HTTP/1.1" 200 3342
"GET /static/admin/css/changelists.css HTTP/1.1" 200 6811
"GET /static/admin/js/core.js HTTP/1.1" 200 6208
"GET /static/admin/js/jquery.init.js HTTP/1.1" 200 347
"GET /static/admin/js/admin/RelatedObjectLookups.js HTTP/1.1" 200 9042
"GET /static/admin/js/actions.js HTTP/1.1" 200 8067
"GET /static/admin/js/urlify.js HTTP/1.1" 200 7887
"GET /static/admin/js/prepopulate.js HTTP/1.1" 200 1531
"GET /static/admin/js/vendor/jquery/jquery.js HTTP/1.1" 200 285314
"GET /static/admin/js/vendor/xregexp/xregexp.js HTTP/1.1" 200 325171
"GET /static/admin/js/filters.js HTTP/1.1" 200 978
"GET /static/admin/img/tooltag-add.svg HTTP/1.1" 200 331
"GET /admin/my_dz_3/order/ HTTP/1.1" 200 9309
"GET /admin/jsi18n/ HTTP/1.1" 200 3342
"GET /admin/my_dz_3/product/ HTTP/1.1" 200 10057
"GET /admin/jsi18n/ HTTP/1.1" 200 3342
C:\Users\it\Desktop\seminar_dz\seminar_dz\my_dz_3\admin.py changed, reloading.
Watching for file changes with StatReloader
Watching for file changes with StatReloader
"GET /admin/my_dz_3/product/ HTTP/1.1" 200 10057
"GET /admin/jsi18n/ HTTP/1.1" 200 3342
"GET /admin/my_dz_3/client/ HTTP/1.1" 200 9850
"GET /admin/jsi18n/ HTTP/1.1" 200 3342
"GET /admin/auth/group/ HTTP/1.1" 200 8350
"GET /admin/jsi18n/ HTTP/1.1" 200 3342
"GET /static/admin/img/search.svg HTTP/1.1" 200 458
"GET /admin/auth/user/ HTTP/1.1" 200 11839
"GET /admin/jsi18n/ HTTP/1.1" 200 3342
"GET /static/admin/img/icon-yes.svg HTTP/1.1" 200 436
"GET /static/admin/img/icon-viewlink.svg HTTP/1.1" 200 581
"GET /static/admin/img/sorting-icons.svg HTTP/1.1" 200 1097
"GET /admin/auth/group/ HTTP/1.1" 200 8350
"GET /admin/jsi18n/ HTTP/1.1" 200 3342
"GET /admin/auth/user/ HTTP/1.1" 200 11839
"GET /admin/jsi18n/ HTTP/1.1" 200 3342
"GET /admin/auth/user/ HTTP/1.1" 200 11839
"GET /admin/jsi18n/ HTTP/1.1" 200 3342
"GET /admin/auth/user/ HTTP/1.1" 200 11839
"GET /admin/jsi18n/ HTTP/1.1" 200 3342
"GET /admin/auth/user/ HTTP/1.1" 200 11839
"GET /admin/jsi18n/ HTTP/1.1" 200 3342
"GET /admin/auth/group/ HTTP/1.1" 200 8350
"GET / HTTP/1.1" 200 939
"GET /add_product/ HTTP/1.1" 200 1649
"GET /admin/ HTTP/1.1" 200 7034
"GET /admin/ HTTP/1.1" 200 7034
"GET /admin/ HTTP/1.1" 200 7034
"GET /admin/my_dz_3/client/ HTTP/1.1" 200 9850
"GET /admin/jsi18n/ HTTP/1.1" 200 3342
"GET /admin/ HTTP/1.1" 200 7034
"GET /admin/my_dz_3/client/ HTTP/1.1" 200 9850
"GET /admin/jsi18n/ HTTP/1.1" 200 3342
"GET /admin/my_dz_3/product/ HTTP/1.1" 200 10057
"GET /admin/jsi18n/ HTTP/1.1" 200 3342
"GET /admin/my_dz_3/client/ HTTP/1.1" 200 9850
"GET /admin/jsi18n/ HTTP/1.1" 200 3342
"GET /admin/my_dz_3/order/ HTTP/1.1" 200 9309
"GET /admin/jsi18n/ HTTP/1.1" 200 3342
"GET /admin/my_dz_3/client/ HTTP/1.1" 200 9850
"GET /admin/jsi18n/ HTTP/1.1" 200 3342
"GET /admin/my_dz_3/client/ HTTP/1.1" 200 9850
"GET /admin/jsi18n/ HTTP/1.1" 200 3342
"GET /admin/my_dz_3/order/ HTTP/1.1" 200 9309
"GET /admin/jsi18n/ HTTP/1.1" 200 3342
"GET /admin/auth/group/add/ HTTP/1.1" 200 13586
"GET /static/admin/css/forms.css HTTP/1.1" 200 9090
"GET /admin/jsi18n/ HTTP/1.1" 200 3342
"GET /static/admin/js/prepopulate_init.js HTTP/1.1" 200 586
"GET /static/admin/js/SelectBox.js HTTP/1.1" 200 4530
"GET /static/admin/js/SelectFilter2.js HTTP/1.1" 200 15492
"GET /static/admin/css/widgets.css HTTP/1.1" 200 11800
"GET /static/admin/js/change_form.js HTTP/1.1" 200 606
"GET /static/admin/img/icon-unknown-alt.svg HTTP/1.1" 200 655
"GET /static/admin/img/selector-icons.svg HTTP/1.1" 200 3291
"GET /static/admin/img/icon-unknown.svg HTTP/1.1" 200 655
"POST /admin/auth/group/add/ HTTP/1.1" 302 0
"GET /admin/auth/group/add/ HTTP/1.1" 200 13825
"GET /admin/jsi18n/ HTTP/1.1" 200 3342
"POST /admin/auth/group/add/ HTTP/1.1" 302 0
"GET /admin/auth/group/add/ HTTP/1.1" 200 13825
"GET /admin/jsi18n/ HTTP/1.1" 200 3342
"POST /admin/auth/group/add/ HTTP/1.1" 302 0
"GET /admin/auth/group/add/ HTTP/1.1" 200 13833
"GET /admin/jsi18n/ HTTP/1.1" 200 3342
"GET /admin/auth/group/ HTTP/1.1" 200 10210
"GET /admin/jsi18n/ HTTP/1.1" 200 3342
"GET /admin/auth/group/3/change/ HTTP/1.1" 200 13882
"GET /admin/jsi18n/ HTTP/1.1" 200 3342
"GET /admin/auth/group/ HTTP/1.1" 200 10210
"GET /admin/auth/group/1/change/ HTTP/1.1" 200 13877
"GET /admin/jsi18n/ HTTP/1.1" 200 3342
"GET /admin/auth/group/ HTTP/1.1" 200 10210
"GET /admin/auth/group/add/ HTTP/1.1" 200 13586
"GET /admin/auth/user/ HTTP/1.1" 200 12301
"GET /admin/jsi18n/ HTTP/1.1" 200 3342
"GET /admin/auth/user/ HTTP/1.1" 200 12301
"GET /admin/jsi18n/ HTTP/1.1" 200 3342
"GET /admin/auth/user/add/ HTTP/1.1" 200 11242
"GET /admin/jsi18n/ HTTP/1.1" 200 3342
"POST /admin/auth/user/add/ HTTP/1.1" 200 11442
"GET /admin/jsi18n/ HTTP/1.1" 200 3342
"POST /admin/auth/user/add/ HTTP/1.1" 200 11442
"GET /admin/jsi18n/ HTTP/1.1" 200 3342
"POST /admin/auth/user/add/ HTTP/1.1" 200 11437
"GET /admin/jsi18n/ HTTP/1.1" 200 3342
"POST /admin/auth/user/add/ HTTP/1.1" 302 0
"GET /admin/auth/user/2/change/ HTTP/1.1" 200 23530
"GET /admin/jsi18n/ HTTP/1.1" 200 3342
"GET /static/admin/js/calendar.js HTTP/1.1" 200 9141
"GET /static/admin/js/admin/DateTimeShortcuts.js HTTP/1.1" 200 19319
"GET /static/admin/img/icon-clock.svg HTTP/1.1" 200 677
"GET /static/admin/img/icon-calendar.svg HTTP/1.1" 200 1086
"POST /admin/auth/user/2/change/ HTTP/1.1" 302 0
"GET /admin/auth/user/ HTTP/1.1" 200 12973
"GET /admin/jsi18n/ HTTP/1.1" 200 3342
"GET /admin/ HTTP/1.1" 200 8824
"POST /admin/logout/ HTTP/1.1" 200 3553
"GET /admin/logout/ HTTP/1.1" 302 0
"GET /admin/ HTTP/1.1" 302 0
"GET /admin/login/?next=/admin/ HTTP/1.1" 200 4158
"POST /admin/login/?next=/admin/ HTTP/1.1" 200 4326
"POST /admin/login/?next=/admin/ HTTP/1.1" 302 0
"GET /admin/ HTTP/1.1" 200 4511
"POST /admin/logout/ HTTP/1.1" 200 3553
"GET /admin/logout/ HTTP/1.1" 302 0
"GET /admin/ HTTP/1.1" 302 0
"GET /admin/login/?next=/admin/ HTTP/1.1" 200 4158
"POST /admin/login/?next=/admin/ HTTP/1.1" 302 0
"GET /admin/ HTTP/1.1" 200 8824
"GET /admin/auth/user/2/change/ HTTP/1.1" 200 23394
"GET /admin/jsi18n/ HTTP/1.1" 200 3342
"POST /admin/auth/user/2/change/ HTTP/1.1" 302 0
"GET /admin/auth/user/ HTTP/1.1" 200 12973
"GET /admin/jsi18n/ HTTP/1.1" 200 3342
"POST /admin/logout/ HTTP/1.1" 200 3553
"GET /admin/ HTTP/1.1" 302 0
"GET /admin/login/?next=/admin/ HTTP/1.1" 200 4158
"POST /admin/login/?next=/admin/ HTTP/1.1" 302 0
"GET /admin/ HTTP/1.1" 200 5694
"GET /admin/my_dz_3/product/ HTTP/1.1" 200 7490
"GET /admin/my_dz_3/client/ HTTP/1.1" 200 7419
"GET /admin/my_dz_3/product/ HTTP/1.1" 200 7490
"GET /admin/ HTTP/1.1" 200 5694
"GET /admin/my_dz_3/client/ HTTP/1.1" 200 7419
"GET /admin/ HTTP/1.1" 200 5694
"GET /admin/my_dz_3/order/add/ HTTP/1.1" 200 9927
"GET /admin/jsi18n/ HTTP/1.1" 200 3342
"POST /admin/my_dz_3/order/add/ HTTP/1.1" 302 0
"GET /admin/ HTTP/1.1" 200 6266
Forbidden (Permission denied): /admin/my_dz_3/order/2/change/
Traceback (most recent call last):
  File "C:\Users\it\Desktop\seminar_dz\.venv\Lib\site-packages\django\core\handlers\exception.py", line 55, in inner
    response = get_response(request)
               ^^^^^^^^^^^^^^^^^^^^^
  File "C:\Users\it\Desktop\seminar_dz\.venv\Lib\site-packages\django\core\handlers\base.py", line 197, in _get_response
    response = wrapped_callback(request, *callback_args, **callback_kwargs)
               ^^^^^^^^^^^^^^^^^^^^^^^^^^^^^^^^^^^^^^^^^^^^^^^^^^^^^^^^^^^^
  File "C:\Users\it\Desktop\seminar_dz\.venv\Lib\site-packages\django\contrib\admin\options.py", line 716, in wrapper
    return self.admin_site.admin_view(view)(*args, **kwargs)
           ^^^^^^^^^^^^^^^^^^^^^^^^^^^^^^^^^^^^^^^^^^^^^^^^^
  File "C:\Users\it\Desktop\seminar_dz\.venv\Lib\site-packages\django\utils\decorators.py", line 188, in _view_wrapper
    result = _process_exception(request, e)
             ^^^^^^^^^^^^^^^^^^^^^^^^^^^^^^
  File "C:\Users\it\Desktop\seminar_dz\.venv\Lib\site-packages\django\utils\decorators.py", line 186, in _view_wrapper
    response = view_func(request, *args, **kwargs)
               ^^^^^^^^^^^^^^^^^^^^^^^^^^^^^^^^^^^
  File "C:\Users\it\Desktop\seminar_dz\.venv\Lib\site-packages\django\views\decorators\cache.py", line 80, in _view_wrapper
    response = view_func(request, *args, **kwargs)
               ^^^^^^^^^^^^^^^^^^^^^^^^^^^^^^^^^^^
  File "C:\Users\it\Desktop\seminar_dz\.venv\Lib\site-packages\django\contrib\admin\sites.py", line 240, in inner
    return view(request, *args, **kwargs)
           ^^^^^^^^^^^^^^^^^^^^^^^^^^^^^^
  File "C:\Users\it\Desktop\seminar_dz\.venv\Lib\site-packages\django\contrib\admin\options.py", line 1948, in change_view
    return self.changeform_view(request, object_id, form_url, extra_context)
           ^^^^^^^^^^^^^^^^^^^^^^^^^^^^^^^^^^^^^^^^^^^^^^^^^^^^^^^^^^^^^^^^^
  File "C:\Users\it\Desktop\seminar_dz\.venv\Lib\site-packages\django\utils\decorators.py", line 48, in _wrapper
    return bound_method(*args, **kwargs)
           ^^^^^^^^^^^^^^^^^^^^^^^^^^^^^
  File "C:\Users\it\Desktop\seminar_dz\.venv\Lib\site-packages\django\utils\decorators.py", line 188, in _view_wrapper
    result = _process_exception(request, e)
             ^^^^^^^^^^^^^^^^^^^^^^^^^^^^^^
  File "C:\Users\it\Desktop\seminar_dz\.venv\Lib\site-packages\django\utils\decorators.py", line 186, in _view_wrapper
    response = view_func(request, *args, **kwargs)
               ^^^^^^^^^^^^^^^^^^^^^^^^^^^^^^^^^^^
  File "C:\Users\it\Desktop\seminar_dz\.venv\Lib\site-packages\django\contrib\admin\options.py", line 1804, in changeform_view
    return self._changeform_view(request, object_id, form_url, extra_context)
           ^^^^^^^^^^^^^^^^^^^^^^^^^^^^^^^^^^^^^^^^^^^^^^^^^^^^^^^^^^^^^^^^^^
  File "C:\Users\it\Desktop\seminar_dz\.venv\Lib\site-packages\django\contrib\admin\options.py", line 1831, in _changeform_view
    raise PermissionDenied
django.core.exceptions.PermissionDenied
"GET /admin/my_dz_3/order/2/change/ HTTP/1.1" 403 135
"GET /admin/ HTTP/1.1" 200 6092
Forbidden (Permission denied): /admin/my_dz_3/order/2/change/
Traceback (most recent call last):
  File "C:\Users\it\Desktop\seminar_dz\.venv\Lib\site-packages\django\core\handlers\exception.py", line 55, in inner
    response = get_response(request)
               ^^^^^^^^^^^^^^^^^^^^^
  File "C:\Users\it\Desktop\seminar_dz\.venv\Lib\site-packages\django\core\handlers\base.py", line 197, in _get_response
    response = wrapped_callback(request, *callback_args, **callback_kwargs)
               ^^^^^^^^^^^^^^^^^^^^^^^^^^^^^^^^^^^^^^^^^^^^^^^^^^^^^^^^^^^^
  File "C:\Users\it\Desktop\seminar_dz\.venv\Lib\site-packages\django\contrib\admin\options.py", line 716, in wrapper
    return self.admin_site.admin_view(view)(*args, **kwargs)
           ^^^^^^^^^^^^^^^^^^^^^^^^^^^^^^^^^^^^^^^^^^^^^^^^^
  File "C:\Users\it\Desktop\seminar_dz\.venv\Lib\site-packages\django\utils\decorators.py", line 188, in _view_wrapper
    result = _process_exception(request, e)
             ^^^^^^^^^^^^^^^^^^^^^^^^^^^^^^
  File "C:\Users\it\Desktop\seminar_dz\.venv\Lib\site-packages\django\utils\decorators.py", line 186, in _view_wrapper
    response = view_func(request, *args, **kwargs)
               ^^^^^^^^^^^^^^^^^^^^^^^^^^^^^^^^^^^
  File "C:\Users\it\Desktop\seminar_dz\.venv\Lib\site-packages\django\views\decorators\cache.py", line 80, in _view_wrapper
    response = view_func(request, *args, **kwargs)
               ^^^^^^^^^^^^^^^^^^^^^^^^^^^^^^^^^^^
  File "C:\Users\it\Desktop\seminar_dz\.venv\Lib\site-packages\django\contrib\admin\sites.py", line 240, in inner
    return view(request, *args, **kwargs)
           ^^^^^^^^^^^^^^^^^^^^^^^^^^^^^^
  File "C:\Users\it\Desktop\seminar_dz\.venv\Lib\site-packages\django\contrib\admin\options.py", line 1948, in change_view
    return self.changeform_view(request, object_id, form_url, extra_context)
           ^^^^^^^^^^^^^^^^^^^^^^^^^^^^^^^^^^^^^^^^^^^^^^^^^^^^^^^^^^^^^^^^^
  File "C:\Users\it\Desktop\seminar_dz\.venv\Lib\site-packages\django\utils\decorators.py", line 48, in _wrapper
    return bound_method(*args, **kwargs)
           ^^^^^^^^^^^^^^^^^^^^^^^^^^^^^
  File "C:\Users\it\Desktop\seminar_dz\.venv\Lib\site-packages\django\utils\decorators.py", line 188, in _view_wrapper
    result = _process_exception(request, e)
             ^^^^^^^^^^^^^^^^^^^^^^^^^^^^^^
  File "C:\Users\it\Desktop\seminar_dz\.venv\Lib\site-packages\django\utils\decorators.py", line 186, in _view_wrapper
    response = view_func(request, *args, **kwargs)
               ^^^^^^^^^^^^^^^^^^^^^^^^^^^^^^^^^^^
  File "C:\Users\it\Desktop\seminar_dz\.venv\Lib\site-packages\django\contrib\admin\options.py", line 1804, in changeform_view
    return self._changeform_view(request, object_id, form_url, extra_context)
           ^^^^^^^^^^^^^^^^^^^^^^^^^^^^^^^^^^^^^^^^^^^^^^^^^^^^^^^^^^^^^^^^^^
  File "C:\Users\it\Desktop\seminar_dz\.venv\Lib\site-packages\django\contrib\admin\options.py", line 1831, in _changeform_view
    raise PermissionDenied
django.core.exceptions.PermissionDenied
"GET /admin/my_dz_3/order/2/change/ HTTP/1.1" 403 135
"GET /admin/ HTTP/1.1" 200 6092
C:\Users\it\Desktop\seminar_dz\seminar_dz\my_dz_3\admin.py changed, reloading.
Watching for file changes with StatReloader
C:\Users\it\Desktop\seminar_dz\seminar_dz\my_dz_3\admin.py changed, reloading.
Watching for file changes with StatReloader
C:\Users\it\Desktop\seminar_dz\seminar_dz\my_dz_3\admin.py changed, reloading.
Watching for file changes with StatReloader
C:\Users\it\Desktop\seminar_dz\seminar_dz\my_dz_3\admin.py changed, reloading.
Watching for file changes with StatReloader
C:\Users\it\Desktop\seminar_dz\seminar_dz\my_dz_3\admin.py changed, reloading.
Watching for file changes with StatReloader
Watching for file changes with StatReloader
"GET / HTTP/1.1" 200 939
"GET /add_product/ HTTP/1.1" 200 1649
"GET /add_product/ HTTP/1.1" 200 1649
"GET / HTTP/1.1" 200 939
"GET /client/1/ HTTP/1.1" 200 1224
"GET /add_product/ HTTP/1.1" 200 1649
"GET /admin/ HTTP/1.1" 200 6092
"GET /admin/ HTTP/1.1" 200 6092
"POST /admin/logout/ HTTP/1.1" 200 3553
"GET /admin/ HTTP/1.1" 302 0
"GET /admin/login/?next=/admin/ HTTP/1.1" 200 4158
"POST /admin/login/?next=/admin/ HTTP/1.1" 302 0
"GET /admin/ HTTP/1.1" 200 9173
"GET /admin/my_dz_3/client/ HTTP/1.1" 200 12514
"GET /admin/jsi18n/ HTTP/1.1" 200 3342
"GET /admin/my_dz_3/product/ HTTP/1.1" 200 12680
"GET /admin/jsi18n/ HTTP/1.1" 200 3342
"GET /admin/my_dz_3/product/?added_date__gte=2024-01-01+00%3A00%3A00%2B00%3A00&added_date__lt=2025-01-01+00%3A00%3A00%2B00%3A00 HTTP/1.1" 200 14404
"GET /admin/jsi18n/ HTTP/1.1" 200 3342
C:\Users\it\Desktop\seminar_dz\seminar_dz\my_dz_3\form.py changed, reloading.
Watching for file changes with StatReloader
C:\Users\it\Desktop\seminar_dz\seminar_dz\my_dz_2\models.py changed, reloading.
Watching for file changes with StatReloader
"GET / HTTP/1.1" 200 939
"GET /products/ HTTP/1.1" 200 2028
"GET /add_product/ HTTP/1.1" 200 1649
"GET /admin/ HTTP/1.1" 200 9173
"GET /admin/my_dz_3/product/ HTTP/1.1" 200 12680
"GET /admin/jsi18n/ HTTP/1.1" 200 3342
"GET /admin/my_dz_3/order/ HTTP/1.1" 200 11984
"GET /admin/jsi18n/ HTTP/1.1" 200 3342
"GET /admin/auth/user/ HTTP/1.1" 200 12773
"GET /admin/jsi18n/ HTTP/1.1" 200 3342
"GET /admin/auth/user/2/change/ HTTP/1.1" 200 23430
"GET /admin/jsi18n/ HTTP/1.1" 200 3342
"GET /admin/auth/user/ HTTP/1.1" 200 12773
"GET /admin/jsi18n/ HTTP/1.1" 200 3342
"GET /admin/auth/user/1/change/ HTTP/1.1" 200 23327
"GET /admin/jsi18n/ HTTP/1.1" 200 3342
"GET /admin/my_dz_3/client/ HTTP/1.1" 200 12514
"GET /admin/jsi18n/ HTTP/1.1" 200 3342
"GET /admin/my_dz_3/product/ HTTP/1.1" 200 12680
"GET /admin/jsi18n/ HTTP/1.1" 200 3342
"GET /admin/my_dz_3/product/2/change/ HTTP/1.1" 200 11810
"GET /admin/jsi18n/ HTTP/1.1" 200 3342
"GET /admin/my_dz_3/product/ HTTP/1.1" 200 12680
C:\Users\it\Desktop\seminar_dz\seminar_dz\my_dz_3\admin.py changed, reloading.
Watching for file changes with StatReloader
C:\Users\it\Desktop\seminar_dz\seminar_dz\my_dz_3\admin.py changed, reloading.
Watching for file changes with StatReloader
C:\Users\it\Desktop\seminar_dz\seminar_dz\my_dz_3\admin.py changed, reloading.
Watching for file changes with StatReloader
Watching for file changes with StatReloader
"GET /admin/ HTTP/1.1" 200 9173
"GET /admin/my_dz_3/client/ HTTP/1.1" 200 12539
"GET /admin/jsi18n/ HTTP/1.1" 200 3342
"GET /admin/my_dz_3/product/ HTTP/1.1" 200 12780
"GET /admin/jsi18n/ HTTP/1.1" 200 3342
"GET /admin/my_dz_3/product/?price=100.20 HTTP/1.1" 200 12059
"GET /admin/jsi18n/ HTTP/1.1" 200 3342
"GET /admin/my_dz_3/client/ HTTP/1.1" 200 12539
"GET /admin/jsi18n/ HTTP/1.1" 200 3342
"GET /admin/my_dz_3/product/ HTTP/1.1" 200 12780
"GET /admin/jsi18n/ HTTP/1.1" 200 3342
"GET /admin/my_dz_3/order/ HTTP/1.1" 200 12062
"GET /admin/jsi18n/ HTTP/1.1" 200 3342
"GET /admin/my_dz_3/client/ HTTP/1.1" 200 12539
"GET /admin/jsi18n/ HTTP/1.1" 200 3342
"GET /admin/my_dz_3/client/2/change/ HTTP/1.1" 200 11016
"GET /admin/jsi18n/ HTTP/1.1" 200 3342
"GET /admin/my_dz_3/order/ HTTP/1.1" 200 12062
"GET /admin/jsi18n/ HTTP/1.1" 200 3342
"GET /admin/auth/group/ HTTP/1.1" 200 10210
"GET /admin/jsi18n/ HTTP/1.1" 200 3342
"GET /admin/auth/group/2/change/ HTTP/1.1" 200 13859
"GET /admin/jsi18n/ HTTP/1.1" 200 3342
"POST /admin/auth/group/2/change/ HTTP/1.1" 302 0
"GET /admin/auth/group/2/change/ HTTP/1.1" 200 14105
"GET /admin/jsi18n/ HTTP/1.1" 200 3342
"GET /admin/my_dz_3/client/ HTTP/1.1" 200 12539
"GET /admin/jsi18n/ HTTP/1.1" 200 3342
"GET /admin/ HTTP/1.1" 200 9530
"GET /admin/auth/user/ HTTP/1.1" 200 12773
"GET /admin/jsi18n/ HTTP/1.1" 200 3342
"GET /admin/auth/user/2/change/ HTTP/1.1" 200 23430
"GET /admin/jsi18n/ HTTP/1.1" 200 3342
"GET /admin/auth/group/ HTTP/1.1" 200 10210
"GET /admin/jsi18n/ HTTP/1.1" 200 3342
"GET /admin/auth/group/2/change/ HTTP/1.1" 200 13868
"GET /admin/jsi18n/ HTTP/1.1" 200 3342
"GET /admin/my_dz_3/order/ HTTP/1.1" 200 12062
"GET /admin/jsi18n/ HTTP/1.1" 200 3342
"GET /admin/my_dz_3/client/ HTTP/1.1" 200 12539
"GET /admin/jsi18n/ HTTP/1.1" 200 3342
"GET /admin/auth/group/ HTTP/1.1" 200 10210
"GET /admin/jsi18n/ HTTP/1.1" 200 3342
"GET /admin/auth/group/3/change/ HTTP/1.1" 200 13882
"GET /admin/jsi18n/ HTTP/1.1" 200 3342
"GET /admin/auth/user/ HTTP/1.1" 200 12773
"GET /admin/jsi18n/ HTTP/1.1" 200 3342
"GET /admin/auth/user/2/change/ HTTP/1.1" 200 23430
"GET /admin/jsi18n/ HTTP/1.1" 200 3342
"GET /admin/auth/group/ HTTP/1.1" 200 10210
"GET /admin/jsi18n/ HTTP/1.1" 200 3342
"GET /admin/auth/group/2/change/ HTTP/1.1" 200 13868
"GET /admin/jsi18n/ HTTP/1.1" 200 3342
"GET /admin/my_dz_3/client/add/ HTTP/1.1" 200 10704
"GET /admin/jsi18n/ HTTP/1.1" 200 3342
"GET /admin/ HTTP/1.1" 200 9530
